{
  "RSpec": {
    "coverage": {
      "/Users/Jay/turing/3module/r2_projects/sweater_weather/spec/poros/gif_generator_spec.rb": [
        1,
        null,
        1,
        1,
        1,
        1,
        null,
        null,
        1,
        1,
        1,
        0,
        null,
        null,
        null,
        null
      ],
      "/Users/Jay/turing/3module/r2_projects/sweater_weather/spec/requests/api/v1/forecast_spec.rb": [
        1,
        null,
        1,
        1,
        0,
        0,
        0,
        0,
        null,
        null,
        1,
        1,
        0,
        null,
        0,
        null,
        null,
        null,
        null,
        null
      ],
      "/Users/Jay/turing/3module/r2_projects/sweater_weather/spec/requests/api/v1/giphy_spec.rb": [
        1,
        null,
        1,
        1,
        0,
        0,
        null,
        null,
        1,
        1,
        0,
        0,
        0,
        0,
        null,
        null,
        null,
        null,
        null
      ],
      "/Users/Jay/turing/3module/r2_projects/sweater_weather/spec/services/dark_sky_service_spec.rb": [
        1,
        null,
        1,
        1,
        0,
        0,
        null,
        null,
        1,
        1,
        0,
        null,
        null,
        null,
        1,
        0,
        null,
        0,
        0,
        0,
        null,
        null
      ],
      "/Users/Jay/turing/3module/r2_projects/sweater_weather/spec/services/geo_code_request_spec.rb": [
        1,
        null,
        1,
        1,
        0,
        0,
        null,
        null,
        1,
        1,
        0,
        null,
        null,
        1,
        0,
        null,
        0,
        0,
        null,
        null,
        1,
        0,
        0,
        null,
        null,
        null
      ],
      "/Users/Jay/turing/3module/r2_projects/sweater_weather/spec/services/giphy_service_spec.rb": [
        1,
        null,
        1,
        1,
        0,
        0,
        0,
        null,
        null,
        1,
        1,
        0,
        null,
        null,
        null,
        1,
        0,
        0,
        null,
        null
      ],
      "/Users/Jay/turing/3module/r2_projects/sweater_weather/app/facades/forecast_facade.rb": [
        1,
        1,
        4,
        null,
        null,
        1,
        1,
        1,
        null,
        null,
        1,
        1,
        1,
        49,
        null,
        null,
        null,
        1,
        1,
        1,
        8,
        null,
        null,
        null,
        1,
        null,
        1,
        3,
        null,
        null,
        1,
        3,
        null,
        null,
        1,
        0,
        null,
        null,
        null
      ],
      "/Users/Jay/turing/3module/r2_projects/sweater_weather/app/services/geocode_service.rb": [
        1,
        null,
        1,
        7,
        null,
        null,
        1,
        7,
        null,
        null,
        1,
        7,
        null,
        null,
        1,
        null,
        1,
        7,
        7,
        null,
        null,
        1,
        7,
        7,
        7,
        null,
        null,
        null,
        null
      ],
      "/Users/Jay/turing/3module/r2_projects/sweater_weather/app/services/darksky_service.rb": [
        1,
        1,
        7,
        7,
        null,
        null,
        null,
        1,
        7,
        null,
        null,
        1,
        null,
        1,
        7,
        7,
        null,
        null,
        1,
        7,
        7,
        null,
        null,
        null,
        null
      ],
      "/Users/Jay/turing/3module/r2_projects/sweater_weather/app/poros/current_forecast.rb": [
        1,
        1,
        1,
        1,
        1,
        1,
        1,
        1,
        1,
        1,
        1,
        null,
        null
      ],
      "/Users/Jay/turing/3module/r2_projects/sweater_weather/app/poros/hourly_forecast.rb": [
        1,
        1,
        1,
        49,
        49,
        49,
        null,
        null
      ],
      "/Users/Jay/turing/3module/r2_projects/sweater_weather/app/poros/daily_forecast.rb": [
        1,
        1,
        1,
        8,
        8,
        8,
        8,
        null,
        null
      ],
      "/Users/Jay/turing/3module/r2_projects/sweater_weather/app/poros/gif_generator.rb": [
        1,
        1,
        1,
        1,
        null,
        null,
        null,
        null,
        null,
        null,
        null,
        null,
        1,
        0,
        0,
        null,
        null,
        null,
        1,
        1,
        1,
        1,
        null,
        null,
        null
      ],
      "/Users/Jay/turing/3module/r2_projects/sweater_weather/app/services/giphy_service.rb": [
        1,
        1,
        1,
        1,
        null,
        null,
        1,
        1,
        null,
        null,
        1,
        null,
        1,
        1,
        1,
        null,
        null,
        1,
        1,
        1,
        1,
        null,
        null,
        null,
        null
      ]
    },
    "timestamp": 1551200692
  }
}
