{
  "RSpec": {
    "coverage": {
      "/Users/Jay/turing/3module/r2_projects/sweater_weather/spec/requests/api/v1/forecast_spec.rb": [
        1,
        null,
        1,
        1,
        1,
        1,
        1,
        1,
        null,
        null,
        1,
        1,
        1,
        null,
        1,
        null,
        null,
        null,
        null,
        null
      ],
      "/Users/Jay/turing/3module/r2_projects/sweater_weather/spec/requests/api/v1/giphy_facade_spec.rb": [
        1,
        null,
        1,
        1,
        1,
        1,
        1,
        1,
        1,
        null,
        null,
        1,
        1,
        1,
        0,
        0,
        null,
        null,
        null,
        null,
        null
      ],
      "/Users/Jay/turing/3module/r2_projects/sweater_weather/spec/services/dark_sky_service_spec.rb": [
        1,
        null,
        1,
        1,
        0,
        0,
        null,
        null,
        1,
        1,
        0,
        null,
        null,
        null,
        1,
        0,
        null,
        0,
        0,
        0,
        null,
        null
      ],
      "/Users/Jay/turing/3module/r2_projects/sweater_weather/spec/services/geo_code_request_spec.rb": [
        1,
        null,
        1,
        1,
        0,
        0,
        null,
        null,
        1,
        1,
        0,
        null,
        null,
        1,
        0,
        null,
        0,
        0,
        null,
        null,
        1,
        0,
        0,
        null,
        null,
        null
      ],
      "/Users/Jay/turing/3module/r2_projects/sweater_weather/app/facades/forecast_facade.rb": [
        1,
        1,
        6,
        null,
        null,
        1,
        1,
        1,
        null,
        null,
        1,
        1,
        1,
        49,
        null,
        null,
        null,
        1,
        1,
        1,
        8,
        null,
        null,
        null,
        1,
        null,
        1,
        3,
        null,
        null,
        1,
        3,
        null,
        null,
        1,
        0,
        null,
        null,
        null
      ],
      "/Users/Jay/turing/3module/r2_projects/sweater_weather/app/services/geocode_service.rb": [
        1,
        null,
        1,
        10,
        null,
        null,
        1,
        10,
        null,
        null,
        1,
        10,
        null,
        null,
        1,
        null,
        1,
        10,
        10,
        null,
        null,
        1,
        10,
        10,
        10,
        null,
        null,
        null,
        null
      ],
      "/Users/Jay/turing/3module/r2_projects/sweater_weather/app/services/darksky_service.rb": [
        1,
        1,
        10,
        10,
        null,
        null,
        null,
        1,
        10,
        null,
        null,
        1,
        null,
        1,
        10,
        10,
        null,
        null,
        1,
        10,
        10,
        null,
        null,
        null,
        null
      ],
      "/Users/Jay/turing/3module/r2_projects/sweater_weather/app/poros/current_forecast.rb": [
        1,
        1,
        1,
        2,
        2,
        2,
        2,
        2,
        2,
        2,
        2,
        null,
        null
      ],
      "/Users/Jay/turing/3module/r2_projects/sweater_weather/app/poros/hourly_forecast.rb": [
        1,
        1,
        1,
        98,
        98,
        98,
        null,
        null
      ],
      "/Users/Jay/turing/3module/r2_projects/sweater_weather/app/poros/daily_forecast.rb": [
        1,
        1,
        1,
        16,
        16,
        16,
        16,
        null,
        null
      ],
      "/Users/Jay/turing/3module/r2_projects/sweater_weather/app/controllers/api/v1/forecasts_controller.rb": [
        1,
        1,
        null,
        null,
        null,
        null,
        1,
        null,
        null
      ],
      "/Users/Jay/turing/3module/r2_projects/sweater_weather/app/controllers/application_controller.rb": [
        1,
        null
      ],
      "/Users/Jay/turing/3module/r2_projects/sweater_weather/app/serializers/forecast_serializer.rb": [
        1,
        1,
        1,
        1,
        null
      ],
      "/Users/Jay/turing/3module/r2_projects/sweater_weather/app/poros/forecast_generator.rb": [
        1,
        1,
        1,
        1,
        1,
        1,
        null,
        null,
        1,
        1,
        1,
        null,
        null,
        1,
        1,
        1,
        8,
        null,
        null,
        null,
        1,
        1,
        1,
        49,
        null,
        null,
        null
      ],
      "/Users/Jay/turing/3module/r2_projects/sweater_weather/app/services/giphy_service.rb": [
        1,
        null,
        1,
        1,
        null,
        null,
        1,
        1,
        null,
        null,
        1,
        null,
        1,
        1,
        1,
        null,
        null,
        1,
        1,
        1,
        1,
        null,
        null,
        null,
        null
      ]
    },
    "timestamp": 1551112394
  }
}
